c:\labproject_software renderer\labproject02-01\x64\release\vc142.pdb
c:\labproject_software renderer\labproject02-01\x64\release\timer.obj
c:\labproject_software renderer\labproject02-01\x64\release\stdafx.obj
c:\labproject_software renderer\labproject02-01\x64\release\scene.obj
c:\labproject_software renderer\labproject02-01\x64\release\player.obj
c:\labproject_software renderer\labproject02-01\x64\release\mesh.obj
c:\labproject_software renderer\labproject02-01\x64\release\labproject02-01.obj
c:\labproject_software renderer\labproject02-01\x64\release\graphicspipeline.obj
c:\labproject_software renderer\labproject02-01\x64\release\gameobject.obj
c:\labproject_software renderer\labproject02-01\x64\release\gameframework.obj
c:\labproject_software renderer\labproject02-01\x64\release\camera.obj
c:\labproject_software renderer\x64\release\labproject02-01.exe
c:\labproject_software renderer\labproject02-01\x64\release\labproject02-01.ipdb
c:\labproject_software renderer\labproject02-01\x64\release\labproject02-01.iobj
c:\labproject_software renderer\x64\release\labproject02-01.pdb
c:\labproject_software renderer\labproject02-01\x64\release\labproject02-01.res
c:\labproject_software renderer\labproject02-01\x64\release\labproject02-01.tlog\cl.command.1.tlog
c:\labproject_software renderer\labproject02-01\x64\release\labproject02-01.tlog\cl.read.1.tlog
c:\labproject_software renderer\labproject02-01\x64\release\labproject02-01.tlog\cl.write.1.tlog
c:\labproject_software renderer\labproject02-01\x64\release\labproject02-01.tlog\link.command.1.tlog
c:\labproject_software renderer\labproject02-01\x64\release\labproject02-01.tlog\link.read.1.tlog
c:\labproject_software renderer\labproject02-01\x64\release\labproject02-01.tlog\link.write.1.tlog
c:\labproject_software renderer\labproject02-01\x64\release\labproject02-01.tlog\rc.command.1.tlog
c:\labproject_software renderer\labproject02-01\x64\release\labproject02-01.tlog\rc.read.1.tlog
c:\labproject_software renderer\labproject02-01\x64\release\labproject02-01.tlog\rc.write.1.tlog
